  Account.cpp
  CMenu.cpp
  Client.cpp
  Employee.cpp
  Func.cpp
  ItemMenu.cpp
  ItemMenuAbstract.cpp
  User.cpp
  main.cpp
C:\Users\Test-notebook\Desktop\c++\VP2_LR\VP2_LR2\main.cpp(158,12): warning C4566: character represented by universal-character-name '\u041F' cannot be represented in the current code page (1252)
C:\Users\Test-notebook\Desktop\c++\VP2_LR\VP2_LR2\main.cpp(158,12): warning C4566: character represented by universal-character-name '\u043E' cannot be represented in the current code page (1252)
C:\Users\Test-notebook\Desktop\c++\VP2_LR\VP2_LR2\main.cpp(158,12): warning C4566: character represented by universal-character-name '\u043B' cannot be represented in the current code page (1252)
C:\Users\Test-notebook\Desktop\c++\VP2_LR\VP2_LR2\main.cpp(158,12): warning C4566: character represented by universal-character-name '\u044C' cannot be represented in the current code page (1252)
C:\Users\Test-notebook\Desktop\c++\VP2_LR\VP2_LR2\main.cpp(158,12): warning C4566: character represented by universal-character-name '\u0437' cannot be represented in the current code page (1252)
C:\Users\Test-notebook\Desktop\c++\VP2_LR\VP2_LR2\main.cpp(158,12): warning C4566: character represented by universal-character-name '\u0432' cannot be represented in the current code page (1252)
C:\Users\Test-notebook\Desktop\c++\VP2_LR\VP2_LR2\main.cpp(158,12): warning C4566: character represented by universal-character-name '\u0430' cannot be represented in the current code page (1252)
C:\Users\Test-notebook\Desktop\c++\VP2_LR\VP2_LR2\main.cpp(158,12): warning C4566: character represented by universal-character-name '\u0442' cannot be represented in the current code page (1252)
C:\Users\Test-notebook\Desktop\c++\VP2_LR\VP2_LR2\main.cpp(158,12): warning C4566: character represented by universal-character-name '\u0435' cannot be represented in the current code page (1252)
C:\Users\Test-notebook\Desktop\c++\VP2_LR\VP2_LR2\main.cpp(158,12): warning C4566: character represented by universal-character-name '\u043D' cannot be represented in the current code page (1252)
C:\Users\Test-notebook\Desktop\c++\VP2_LR\VP2_LR2\main.cpp(158,12): warning C4566: character represented by universal-character-name '\u0439' cannot be represented in the current code page (1252)
C:\Users\Test-notebook\Desktop\c++\VP2_LR\VP2_LR2\main.cpp(158,12): warning C4566: character represented by universal-character-name '\u0434' cannot be represented in the current code page (1252)
C:\Users\Test-notebook\Desktop\c++\VP2_LR\VP2_LR2\main.cpp(161,13): warning C4566: character represented by universal-character-name '\u041F' cannot be represented in the current code page (1252)
C:\Users\Test-notebook\Desktop\c++\VP2_LR\VP2_LR2\main.cpp(161,13): warning C4566: character represented by universal-character-name '\u0430' cannot be represented in the current code page (1252)
C:\Users\Test-notebook\Desktop\c++\VP2_LR\VP2_LR2\main.cpp(161,13): warning C4566: character represented by universal-character-name '\u0440' cannot be represented in the current code page (1252)
C:\Users\Test-notebook\Desktop\c++\VP2_LR\VP2_LR2\main.cpp(161,13): warning C4566: character represented by universal-character-name '\u043E' cannot be represented in the current code page (1252)
C:\Users\Test-notebook\Desktop\c++\VP2_LR\VP2_LR2\main.cpp(161,13): warning C4566: character represented by universal-character-name '\u043B' cannot be represented in the current code page (1252)
C:\Users\Test-notebook\Desktop\c++\VP2_LR\VP2_LR2\main.cpp(161,13): warning C4566: character represented by universal-character-name '\u044C' cannot be represented in the current code page (1252)
C:\Users\Test-notebook\Desktop\c++\VP2_LR\VP2_LR2\main.cpp(161,13): warning C4566: character represented by universal-character-name '\u0432' cannot be represented in the current code page (1252)
C:\Users\Test-notebook\Desktop\c++\VP2_LR\VP2_LR2\main.cpp(161,13): warning C4566: character represented by universal-character-name '\u0435' cannot be represented in the current code page (1252)
C:\Users\Test-notebook\Desktop\c++\VP2_LR\VP2_LR2\main.cpp(161,13): warning C4566: character represented by universal-character-name '\u043D' cannot be represented in the current code page (1252)
C:\Users\Test-notebook\Desktop\c++\VP2_LR\VP2_LR2\main.cpp(161,13): warning C4566: character represented by universal-character-name '\u044B' cannot be represented in the current code page (1252)
C:\Users\Test-notebook\Desktop\c++\VP2_LR\VP2_LR2\main.cpp(161,13): warning C4566: character represented by universal-character-name '\u0439' cannot be represented in the current code page (1252)
C:\Users\Test-notebook\Desktop\c++\VP2_LR\VP2_LR2\main.cpp(169,12): warning C4566: character represented by universal-character-name '\u041F' cannot be represented in the current code page (1252)
C:\Users\Test-notebook\Desktop\c++\VP2_LR\VP2_LR2\main.cpp(169,12): warning C4566: character represented by universal-character-name '\u043E' cannot be represented in the current code page (1252)
C:\Users\Test-notebook\Desktop\c++\VP2_LR\VP2_LR2\main.cpp(169,12): warning C4566: character represented by universal-character-name '\u043B' cannot be represented in the current code page (1252)
C:\Users\Test-notebook\Desktop\c++\VP2_LR\VP2_LR2\main.cpp(169,12): warning C4566: character represented by universal-character-name '\u044C' cannot be represented in the current code page (1252)
C:\Users\Test-notebook\Desktop\c++\VP2_LR\VP2_LR2\main.cpp(169,12): warning C4566: character represented by universal-character-name '\u0437' cannot be represented in the current code page (1252)
C:\Users\Test-notebook\Desktop\c++\VP2_LR\VP2_LR2\main.cpp(169,12): warning C4566: character represented by universal-character-name '\u0432' cannot be represented in the current code page (1252)
C:\Users\Test-notebook\Desktop\c++\VP2_LR\VP2_LR2\main.cpp(169,12): warning C4566: character represented by universal-character-name '\u0430' cannot be represented in the current code page (1252)
C:\Users\Test-notebook\Desktop\c++\VP2_LR\VP2_LR2\main.cpp(169,12): warning C4566: character represented by universal-character-name '\u0442' cannot be represented in the current code page (1252)
C:\Users\Test-notebook\Desktop\c++\VP2_LR\VP2_LR2\main.cpp(169,12): warning C4566: character represented by universal-character-name '\u0435' cannot be represented in the current code page (1252)
C:\Users\Test-notebook\Desktop\c++\VP2_LR\VP2_LR2\main.cpp(169,12): warning C4566: character represented by universal-character-name '\u043D' cannot be represented in the current code page (1252)
C:\Users\Test-notebook\Desktop\c++\VP2_LR\VP2_LR2\main.cpp(169,12): warning C4566: character represented by universal-character-name '\u0439' cannot be represented in the current code page (1252)
C:\Users\Test-notebook\Desktop\c++\VP2_LR\VP2_LR2\main.cpp(169,12): warning C4566: character represented by universal-character-name '\u0434' cannot be represented in the current code page (1252)
C:\Users\Test-notebook\Desktop\c++\VP2_LR\VP2_LR2\main.cpp(172,13): warning C4566: character represented by universal-character-name '\u041F' cannot be represented in the current code page (1252)
C:\Users\Test-notebook\Desktop\c++\VP2_LR\VP2_LR2\main.cpp(172,13): warning C4566: character represented by universal-character-name '\u0430' cannot be represented in the current code page (1252)
C:\Users\Test-notebook\Desktop\c++\VP2_LR\VP2_LR2\main.cpp(172,13): warning C4566: character represented by universal-character-name '\u0440' cannot be represented in the current code page (1252)
C:\Users\Test-notebook\Desktop\c++\VP2_LR\VP2_LR2\main.cpp(172,13): warning C4566: character represented by universal-character-name '\u043E' cannot be represented in the current code page (1252)
C:\Users\Test-notebook\Desktop\c++\VP2_LR\VP2_LR2\main.cpp(172,13): warning C4566: character represented by universal-character-name '\u043B' cannot be represented in the current code page (1252)
C:\Users\Test-notebook\Desktop\c++\VP2_LR\VP2_LR2\main.cpp(172,13): warning C4566: character represented by universal-character-name '\u044C' cannot be represented in the current code page (1252)
C:\Users\Test-notebook\Desktop\c++\VP2_LR\VP2_LR2\main.cpp(172,13): warning C4566: character represented by universal-character-name '\u0432' cannot be represented in the current code page (1252)
C:\Users\Test-notebook\Desktop\c++\VP2_LR\VP2_LR2\main.cpp(172,13): warning C4566: character represented by universal-character-name '\u0435' cannot be represented in the current code page (1252)
C:\Users\Test-notebook\Desktop\c++\VP2_LR\VP2_LR2\main.cpp(172,13): warning C4566: character represented by universal-character-name '\u043D' cannot be represented in the current code page (1252)
C:\Users\Test-notebook\Desktop\c++\VP2_LR\VP2_LR2\main.cpp(172,13): warning C4566: character represented by universal-character-name '\u044B' cannot be represented in the current code page (1252)
C:\Users\Test-notebook\Desktop\c++\VP2_LR\VP2_LR2\main.cpp(172,13): warning C4566: character represented by universal-character-name '\u0439' cannot be represented in the current code page (1252)
C:\Users\Test-notebook\Desktop\c++\VP2_LR\VP2_LR2\main.cpp(178,11): warning C4566: character represented by universal-character-name '\u041D' cannot be represented in the current code page (1252)
C:\Users\Test-notebook\Desktop\c++\VP2_LR\VP2_LR2\main.cpp(178,11): warning C4566: character represented by universal-character-name '\u0435' cannot be represented in the current code page (1252)
C:\Users\Test-notebook\Desktop\c++\VP2_LR\VP2_LR2\main.cpp(178,11): warning C4566: character represented by universal-character-name '\u0432' cannot be represented in the current code page (1252)
C:\Users\Test-notebook\Desktop\c++\VP2_LR\VP2_LR2\main.cpp(178,11): warning C4566: character represented by universal-character-name '\u0440' cannot be represented in the current code page (1252)
C:\Users\Test-notebook\Desktop\c++\VP2_LR\VP2_LR2\main.cpp(178,11): warning C4566: character represented by universal-character-name '\u043D' cannot be represented in the current code page (1252)
C:\Users\Test-notebook\Desktop\c++\VP2_LR\VP2_LR2\main.cpp(178,11): warning C4566: character represented by universal-character-name '\u043E' cannot be represented in the current code page (1252)
C:\Users\Test-notebook\Desktop\c++\VP2_LR\VP2_LR2\main.cpp(178,11): warning C4566: character represented by universal-character-name '\u0434' cannot be represented in the current code page (1252)
C:\Users\Test-notebook\Desktop\c++\VP2_LR\VP2_LR2\main.cpp(178,11): warning C4566: character represented by universal-character-name '\u044B' cannot be represented in the current code page (1252)
C:\Users\Test-notebook\Desktop\c++\VP2_LR\VP2_LR2\main.cpp(178,11): warning C4566: character represented by universal-character-name '\u0430' cannot be represented in the current code page (1252)
C:\Users\Test-notebook\Desktop\c++\VP2_LR\VP2_LR2\main.cpp(208,26): warning C4566: character represented by universal-character-name '\u041C' cannot be represented in the current code page (1252)
C:\Users\Test-notebook\Desktop\c++\VP2_LR\VP2_LR2\main.cpp(208,26): warning C4566: character represented by universal-character-name '\u0435' cannot be represented in the current code page (1252)
C:\Users\Test-notebook\Desktop\c++\VP2_LR\VP2_LR2\main.cpp(208,26): warning C4566: character represented by universal-character-name '\u043D' cannot be represented in the current code page (1252)
C:\Users\Test-notebook\Desktop\c++\VP2_LR\VP2_LR2\main.cpp(208,26): warning C4566: character represented by universal-character-name '\u044E' cannot be represented in the current code page (1252)
C:\Users\Test-notebook\Desktop\c++\VP2_LR\VP2_LR2\main.cpp(208,26): warning C4566: character represented by universal-character-name '\u0432' cannot be represented in the current code page (1252)
C:\Users\Test-notebook\Desktop\c++\VP2_LR\VP2_LR2\main.cpp(208,26): warning C4566: character represented by universal-character-name '\u0445' cannot be represented in the current code page (1252)
C:\Users\Test-notebook\Desktop\c++\VP2_LR\VP2_LR2\main.cpp(208,26): warning C4566: character represented by universal-character-name '\u043E' cannot be represented in the current code page (1252)
C:\Users\Test-notebook\Desktop\c++\VP2_LR\VP2_LR2\main.cpp(208,26): warning C4566: character represented by universal-character-name '\u0434' cannot be represented in the current code page (1252)
C:\Users\Test-notebook\Desktop\c++\VP2_LR\VP2_LR2\main.cpp(208,26): warning C4566: character represented by universal-character-name '\u0430' cannot be represented in the current code page (1252)
C:\Users\Test-notebook\Desktop\c++\VP2_LR\VP2_LR2\main.cpp(252,25): warning C4566: character represented by universal-character-name '\u041C' cannot be represented in the current code page (1252)
C:\Users\Test-notebook\Desktop\c++\VP2_LR\VP2_LR2\main.cpp(252,25): warning C4566: character represented by universal-character-name '\u0435' cannot be represented in the current code page (1252)
C:\Users\Test-notebook\Desktop\c++\VP2_LR\VP2_LR2\main.cpp(252,25): warning C4566: character represented by universal-character-name '\u043D' cannot be represented in the current code page (1252)
C:\Users\Test-notebook\Desktop\c++\VP2_LR\VP2_LR2\main.cpp(252,25): warning C4566: character represented by universal-character-name '\u044E' cannot be represented in the current code page (1252)
C:\Users\Test-notebook\Desktop\c++\VP2_LR\VP2_LR2\main.cpp(252,25): warning C4566: character represented by universal-character-name '\u043A' cannot be represented in the current code page (1252)
C:\Users\Test-notebook\Desktop\c++\VP2_LR\VP2_LR2\main.cpp(252,25): warning C4566: character represented by universal-character-name '\u043B' cannot be represented in the current code page (1252)
C:\Users\Test-notebook\Desktop\c++\VP2_LR\VP2_LR2\main.cpp(252,25): warning C4566: character represented by universal-character-name '\u0438' cannot be represented in the current code page (1252)
C:\Users\Test-notebook\Desktop\c++\VP2_LR\VP2_LR2\main.cpp(252,25): warning C4566: character represented by universal-character-name '\u0442' cannot be represented in the current code page (1252)
C:\Users\Test-notebook\Desktop\c++\VP2_LR\VP2_LR2\main.cpp(252,25): warning C4566: character represented by universal-character-name '\u0430' cannot be represented in the current code page (1252)
C:\Users\Test-notebook\Desktop\c++\VP2_LR\VP2_LR2\main.cpp(316,26): warning C4566: character represented by universal-character-name '\u041C' cannot be represented in the current code page (1252)
C:\Users\Test-notebook\Desktop\c++\VP2_LR\VP2_LR2\main.cpp(316,26): warning C4566: character represented by universal-character-name '\u0435' cannot be represented in the current code page (1252)
C:\Users\Test-notebook\Desktop\c++\VP2_LR\VP2_LR2\main.cpp(316,26): warning C4566: character represented by universal-character-name '\u043D' cannot be represented in the current code page (1252)
C:\Users\Test-notebook\Desktop\c++\VP2_LR\VP2_LR2\main.cpp(316,26): warning C4566: character represented by universal-character-name '\u044E' cannot be represented in the current code page (1252)
C:\Users\Test-notebook\Desktop\c++\VP2_LR\VP2_LR2\main.cpp(316,26): warning C4566: character represented by universal-character-name '\u043F' cannot be represented in the current code page (1252)
C:\Users\Test-notebook\Desktop\c++\VP2_LR\VP2_LR2\main.cpp(316,26): warning C4566: character represented by universal-character-name '\u043E' cannot be represented in the current code page (1252)
C:\Users\Test-notebook\Desktop\c++\VP2_LR\VP2_LR2\main.cpp(316,26): warning C4566: character represented by universal-character-name '\u043B' cannot be represented in the current code page (1252)
C:\Users\Test-notebook\Desktop\c++\VP2_LR\VP2_LR2\main.cpp(316,26): warning C4566: character represented by universal-character-name '\u044C' cannot be represented in the current code page (1252)
C:\Users\Test-notebook\Desktop\c++\VP2_LR\VP2_LR2\main.cpp(316,26): warning C4566: character represented by universal-character-name '\u0437' cannot be represented in the current code page (1252)
C:\Users\Test-notebook\Desktop\c++\VP2_LR\VP2_LR2\main.cpp(316,26): warning C4566: character represented by universal-character-name '\u0432' cannot be represented in the current code page (1252)
C:\Users\Test-notebook\Desktop\c++\VP2_LR\VP2_LR2\main.cpp(316,26): warning C4566: character represented by universal-character-name '\u0430' cannot be represented in the current code page (1252)
C:\Users\Test-notebook\Desktop\c++\VP2_LR\VP2_LR2\main.cpp(316,26): warning C4566: character represented by universal-character-name '\u0442' cannot be represented in the current code page (1252)
C:\Users\Test-notebook\Desktop\c++\VP2_LR\VP2_LR2\main.cpp(316,26): warning C4566: character represented by universal-character-name '\u044F' cannot be represented in the current code page (1252)
  Generating Code...
  VP2_LR2.vcxproj -> C:\Users\Test-notebook\Desktop\c++\VP2_LR\x64\Debug\VP2_LR2.exe
